* Starting client
* Properties loaded from E:\eclipse\LeetCode\evosuite-files\evosuite.properties
* Connecting to master process on port 14798
* Analyzing classpath: 
  - E:/eclipse/LeetCode/out/production/LeetCode
  - C:\Program Files\Java\jdk1.8.0_131\jre\lib\charsets.jar
  - C:\Program Files\Java\jdk1.8.0_131\jre\lib\deploy.jar
  - C:\Program Files\Java\jdk1.8.0_131\jre\lib\ext\access-bridge-64.jar
  - C:\Program Files\Java\jdk1.8.0_131\jre\lib\ext\cldrdata.jar
  - C:\Program Files\Java\jdk1.8.0_131\jre\lib\ext\dnsns.jar
  - C:\Program Files\Java\jdk1.8.0_131\jre\lib\ext\jaccess.jar
  - C:\Program Files\Java\jdk1.8.0_131\jre\lib\ext\jfxrt.jar
  - C:\Program Files\Java\jdk1.8.0_131\jre\lib\ext\localedata.jar
  - C:\Program Files\Java\jdk1.8.0_131\jre\lib\ext\nashorn.jar
  - C:\Program Files\Java\jdk1.8.0_131\jre\lib\ext\sunec.jar
  - C:\Program Files\Java\jdk1.8.0_131\jre\lib\ext\sunjce_provider.jar
  - C:\Program Files\Java\jdk1.8.0_131\jre\lib\ext\sunmscapi.jar
  - C:\Program Files\Java\jdk1.8.0_131\jre\lib\ext\sunpkcs11.jar
  - C:\Program Files\Java\jdk1.8.0_131\jre\lib\ext\zipfs.jar
  - C:\Program Files\Java\jdk1.8.0_131\jre\lib\javaws.jar
  - C:\Program Files\Java\jdk1.8.0_131\jre\lib\jce.jar
  - C:\Program Files\Java\jdk1.8.0_131\jre\lib\jfr.jar
  - C:\Program Files\Java\jdk1.8.0_131\jre\lib\jfxswt.jar
  - C:\Program Files\Java\jdk1.8.0_131\jre\lib\jsse.jar
  - C:\Program Files\Java\jdk1.8.0_131\jre\lib\management-agent.jar
  - C:\Program Files\Java\jdk1.8.0_131\jre\lib\plugin.jar
  - C:\Program Files\Java\jdk1.8.0_131\jre\lib\resources.jar
  - C:\Program Files\Java\jdk1.8.0_131\jre\lib\rt.jar
  - E:\eclipse\LeetCode\out\test\LeetCode
  - E:\eclipse\LeetCode\out\production\LeetCode
  - C:\Users\dell\.m2\repository\org\jboss\arquillian\junit\arquillian-junit-container\1.4.1.Final\arquillian-junit-container-1.4.1.Final.jar
  - C:\Users\dell\.m2\repository\org\jboss\arquillian\junit\arquillian-junit-core\1.4.1.Final\arquillian-junit-core-1.4.1.Final.jar
  - C:\Users\dell\.m2\repository\org\jboss\arquillian\test\arquillian-test-api\1.4.1.Final\arquillian-test-api-1.4.1.Final.jar
  - C:\Users\dell\.m2\repository\org\jboss\arquillian\core\arquillian-core-api\1.4.1.Final\arquillian-core-api-1.4.1.Final.jar
  - C:\Users\dell\.m2\repository\org\jboss\arquillian\test\arquillian-test-spi\1.4.1.Final\arquillian-test-spi-1.4.1.Final.jar
  - C:\Users\dell\.m2\repository\org\jboss\arquillian\core\arquillian-core-spi\1.4.1.Final\arquillian-core-spi-1.4.1.Final.jar
  - C:\Users\dell\.m2\repository\org\jboss\arquillian\container\arquillian-container-test-api\1.4.1.Final\arquillian-container-test-api-1.4.1.Final.jar
  - C:\Users\dell\.m2\repository\org\jboss\shrinkwrap\shrinkwrap-api\1.2.6\shrinkwrap-api-1.2.6.jar
  - C:\Users\dell\.m2\repository\org\jboss\shrinkwrap\descriptors\shrinkwrap-descriptors-api-base\2.0.0\shrinkwrap-descriptors-api-base-2.0.0.jar
  - C:\Users\dell\.m2\repository\org\jboss\arquillian\container\arquillian-container-test-spi\1.4.1.Final\arquillian-container-test-spi-1.4.1.Final.jar
  - C:\Users\dell\.m2\repository\org\jboss\arquillian\container\arquillian-container-spi\1.4.1.Final\arquillian-container-spi-1.4.1.Final.jar
  - C:\Users\dell\.m2\repository\org\jboss\arquillian\core\arquillian-core-impl-base\1.4.1.Final\arquillian-core-impl-base-1.4.1.Final.jar
  - C:\Users\dell\.m2\repository\org\jboss\arquillian\test\arquillian-test-impl-base\1.4.1.Final\arquillian-test-impl-base-1.4.1.Final.jar
  - C:\Users\dell\.m2\repository\org\jboss\arquillian\container\arquillian-container-impl-base\1.4.1.Final\arquillian-container-impl-base-1.4.1.Final.jar
  - C:\Users\dell\.m2\repository\org\jboss\arquillian\config\arquillian-config-api\1.4.1.Final\arquillian-config-api-1.4.1.Final.jar
  - C:\Users\dell\.m2\repository\org\jboss\arquillian\config\arquillian-config-impl-base\1.4.1.Final\arquillian-config-impl-base-1.4.1.Final.jar
  - C:\Users\dell\.m2\repository\org\jboss\arquillian\config\arquillian-config-spi\1.4.1.Final\arquillian-config-spi-1.4.1.Final.jar
  - C:\Users\dell\.m2\repository\org\jboss\shrinkwrap\descriptors\shrinkwrap-descriptors-spi\2.0.0\shrinkwrap-descriptors-spi-2.0.0.jar
  - C:\Users\dell\.m2\repository\org\jboss\arquillian\container\arquillian-container-test-impl-base\1.4.1.Final\arquillian-container-test-impl-base-1.4.1.Final.jar
  - C:\Users\dell\.m2\repository\org\jboss\shrinkwrap\shrinkwrap-impl-base\1.2.6\shrinkwrap-impl-base-1.2.6.jar
  - C:\Users\dell\.m2\repository\org\jboss\shrinkwrap\shrinkwrap-spi\1.2.6\shrinkwrap-spi-1.2.6.jar
  - C:\Users\dell\.m2\repository\junit\junit\4.12\junit-4.12.jar
  - C:\Users\dell\.m2\repository\org\hamcrest\hamcrest-core\1.3\hamcrest-core-1.3.jar
  - D:\обтьнд╪Ч\randoop-all-4.1.0.jar
* Finished analyzing classpath
* Generating tests for class LC_3
* Test criteria:
  - Line Coverage
  - Branch Coverage
  - Exception
  - Mutation testing (weak)
  - Method-Output Coverage
  - Top-Level Method Coverage
  - No-Exception Top-Level Method Coverage
  - Context Branch Coverage
* Setting up search algorithm for whole suite generation
[MASTER] 14:53:47.228 [pool-2-thread-1] WARN  TestSuiteSerialization - Problems when reading a serialized test from E:\eclipse\LeetCode\.evosuite\evosuite-seeds\LC_3.seed : Unknown method for findMedianSortedArrays in class LC_3
* Loaded 0 tests from E:\eclipse\LeetCode\.evosuite\evosuite-seeds\LC_3.seed
* Total number of test goals: 
  - Line 28
  - Branch 25
  - Exception 0
  - MutationFactory 195
  - Output 3
  - Method 2
  - MethodNoException 2
  - CBranchFitnessFactory 25
* Using seed 1546066423196
* Starting evolution
* Search finished after 32s and 0 generations, 1787 statements, best individual has fitness: 235.69444444444446
* Writing sequences to pool
* Minimizing test suite
[MASTER] 14:54:25.462 [pool-2-thread-1] WARN  TestSuiteMinimizer - Minimization timeout. Roll back to original test suite
* Going to analyze the coverage criteria
* Coverage analysis for criterion LINE
* Coverage of criterion LINE: 39%
* Total number of goals: 28
* Number of covered goals: 11
* Coverage analysis for criterion BRANCH
* Coverage of criterion BRANCH: 32%
* Total number of goals: 25
* Number of covered goals: 8
* Coverage analysis for criterion EXCEPTION
* Coverage of criterion EXCEPTION: 100%
* Total number of goals: 3
* Number of covered goals: 3
* Coverage analysis for criterion WEAKMUTATION
* Coverage of criterion WEAKMUTATION: 21%
* Total number of goals: 195
* Number of covered goals: 41
* Coverage analysis for criterion OUTPUT
* Coverage of criterion OUTPUT: 0%
* Total number of goals: 3
* Number of covered goals: 0
* Coverage analysis for criterion METHOD
* Coverage of criterion METHOD: 100%
* Total number of goals: 2
* Number of covered goals: 2
* Coverage analysis for criterion METHODNOEXCEPTION
* Coverage of criterion METHODNOEXCEPTION: 50%
* Total number of goals: 2
* Number of covered goals: 1
* Coverage analysis for criterion CBRANCH
* Coverage of criterion CBRANCH: 32%
* Total number of goals: 25
* Number of covered goals: 8
* Generated 10 tests with total length 254
* Resulting test suite's coverage: 44% (average coverage for all fitness functions)
* Generating assertions
[MASTER] 14:54:31.404 [pool-2-thread-1] WARN  SimpleMutationAssertionGenerator - Reached maximum time to generate assertions, aborting assertion generation
* Resulting test suite's mutation score: 1%
* Compiling and checking tests
[MASTER] 14:54:31.420 [pool-2-thread-1] WARN  TimeController - Phase ASSERTION_GENERATION lasted too long, 0 seconds more than allowed.
* Writing JUnit test case 'LC_3_ESTest' to E:\eclipse\LeetCode\.evosuite\tmp_2018_12_29_14_53_40\tests
* Done!

